2020-08-13 18:45:24,157 ERROR [restartedMain] o.s.boot.SpringApplication [SpringApplication.java : 858] Application run failed
org.springframework.beans.factory.BeanCreationException: Error creating bean with name 'jindouyunDeliveriesPerformanceService': Lookup method resolution failed; nested exception is java.lang.IllegalStateException: Failed to introspect Class [com.jindouyun.db.service.JindouyunDeliveriesPerformanceService] from ClassLoader [org.springframework.boot.devtools.restart.classloader.RestartClassLoader@1421e8f6]
	at org.springframework.beans.factory.annotation.AutowiredAnnotationBeanPostProcessor.determineCandidateConstructors(AutowiredAnnotationBeanPostProcessor.java:265)
	at org.springframework.beans.factory.support.AbstractAutowireCapableBeanFactory.determineConstructorsFromBeanPostProcessors(AbstractAutowireCapableBeanFactory.java:1269)
	at org.springframework.beans.factory.support.AbstractAutowireCapableBeanFactory.createBeanInstance(AbstractAutowireCapableBeanFactory.java:1184)
	at org.springframework.beans.factory.support.AbstractAutowireCapableBeanFactory.doCreateBean(AbstractAutowireCapableBeanFactory.java:555)
	at org.springframework.beans.factory.support.AbstractAutowireCapableBeanFactory.createBean(AbstractAutowireCapableBeanFactory.java:515)
	at org.springframework.beans.factory.support.AbstractBeanFactory.lambda$doGetBean$0(AbstractBeanFactory.java:320)
	at org.springframework.beans.factory.support.DefaultSingletonBeanRegistry.getSingleton(DefaultSingletonBeanRegistry.java:222)
	at org.springframework.beans.factory.support.AbstractBeanFactory.doGetBean(AbstractBeanFactory.java:318)
	at org.springframework.beans.factory.support.AbstractBeanFactory.getBean(AbstractBeanFactory.java:199)
	at org.springframework.beans.factory.support.DefaultListableBeanFactory.preInstantiateSingletons(DefaultListableBeanFactory.java:843)
	at org.springframework.context.support.AbstractApplicationContext.finishBeanFactoryInitialization(AbstractApplicationContext.java:877)
	at org.springframework.context.support.AbstractApplicationContext.refresh(AbstractApplicationContext.java:549)
	at org.springframework.boot.web.servlet.context.ServletWebServerApplicationContext.refresh(ServletWebServerApplicationContext.java:142)
	at org.springframework.boot.SpringApplication.refresh(SpringApplication.java:775)
	at org.springframework.boot.SpringApplication.refreshContext(SpringApplication.java:397)
	at org.springframework.boot.SpringApplication.run(SpringApplication.java:316)
	at org.springframework.boot.SpringApplication.run(SpringApplication.java:1260)
	at org.springframework.boot.SpringApplication.run(SpringApplication.java:1248)
	at com.jindouyun.all.Application.main(Application.java:16)
	at java.base/jdk.internal.reflect.NativeMethodAccessorImpl.invoke0(Native Method)
	at java.base/jdk.internal.reflect.NativeMethodAccessorImpl.invoke(NativeMethodAccessorImpl.java:62)
	at java.base/jdk.internal.reflect.DelegatingMethodAccessorImpl.invoke(DelegatingMethodAccessorImpl.java:43)
	at java.base/java.lang.reflect.Method.invoke(Method.java:566)
	at org.springframework.boot.devtools.restart.RestartLauncher.run(RestartLauncher.java:49)
Caused by: java.lang.IllegalStateException: Failed to introspect Class [com.jindouyun.db.service.JindouyunDeliveriesPerformanceService] from ClassLoader [org.springframework.boot.devtools.restart.classloader.RestartClassLoader@1421e8f6]
	at org.springframework.util.ReflectionUtils.getDeclaredMethods(ReflectionUtils.java:507)
	at org.springframework.util.ReflectionUtils.doWithMethods(ReflectionUtils.java:404)
	at org.springframework.util.ReflectionUtils.doWithMethods(ReflectionUtils.java:389)
	at org.springframework.beans.factory.annotation.AutowiredAnnotationBeanPostProcessor.determineCandidateConstructors(AutowiredAnnotationBeanPostProcessor.java:248)
	... 23 common frames omitted
Caused by: java.lang.NoClassDefFoundError: com/jindouyun/db/domain/JindouyunDeliveriesPerformance
	at java.base/java.lang.Class.getDeclaredMethods0(Native Method)
	at java.base/java.lang.Class.privateGetDeclaredMethods(Class.java:3167)
	at java.base/java.lang.Class.getDeclaredMethods(Class.java:2310)
	at org.springframework.util.ReflectionUtils.getDeclaredMethods(ReflectionUtils.java:489)
	... 26 common frames omitted
Caused by: java.lang.ClassNotFoundException: com.jindouyun.db.domain.JindouyunDeliveriesPerformance
	at java.base/jdk.internal.loader.BuiltinClassLoader.loadClass(BuiltinClassLoader.java:582)
	at java.base/jdk.internal.loader.ClassLoaders$AppClassLoader.loadClass(ClassLoaders.java:178)
	at java.base/java.lang.ClassLoader.loadClass(ClassLoader.java:521)
	at org.springframework.boot.devtools.restart.classloader.RestartClassLoader.loadClass(RestartClassLoader.java:148)
	at java.base/java.lang.ClassLoader.loadClass(ClassLoader.java:521)
	... 30 common frames omitted
