2020-08-22 22:09:58,052 DEBUG [restartedMain] c.j.d.d.J.selectByExample [BaseJdbcLogger.java : 159] ==>  Preparing: select id, key_name, key_value, add_time, update_time, deleted from jindouyun_system WHERE ( deleted = ? ) 
2020-08-22 22:09:58,095 DEBUG [restartedMain] c.j.d.d.J.selectByExample [BaseJdbcLogger.java : 159] ==> Parameters: false(Boolean)
2020-08-22 22:09:58,126 DEBUG [restartedMain] c.j.d.d.J.selectByExample [BaseJdbcLogger.java : 159] <==      Total: 20
2020-08-22 22:10:00,899 INFO [scheduling-1] com.jindouyun.admin.job.CouponJob [CouponJob.java : 36] 系统开启任务检查优惠券是否已经过期
2020-08-22 22:10:00,919 DEBUG [scheduling-1] c.j.d.d.J.selectByExample [BaseJdbcLogger.java : 159] ==>  Preparing: select id, `name`, `desc`, total, discount, `min`, `limit`, `type`, `status`, goods_type, goods_value, time_type, `days`, start_time, end_time, add_time, update_time, deleted from jindouyun_coupon WHERE ( `status` = ? and time_type = ? and end_time < ? and deleted = ? ) 
2020-08-22 22:10:00,921 DEBUG [scheduling-1] c.j.d.d.J.selectByExample [BaseJdbcLogger.java : 159] ==> Parameters: 0(Short), 1(Short), 2020-08-22 22:10:00.9083222(Timestamp), false(Boolean)
2020-08-22 22:10:00,925 DEBUG [scheduling-1] c.j.d.d.J.selectByExample [BaseJdbcLogger.java : 159] <==      Total: 0
2020-08-22 22:10:00,937 DEBUG [scheduling-1] c.j.d.d.J.selectByExample [BaseJdbcLogger.java : 159] ==>  Preparing: select id, user_id, coupon_id, `status`, used_time, start_time, end_time, order_id, add_time, update_time, deleted from jindouyun_coupon_user WHERE ( `status` = ? and end_time < ? and deleted = ? ) 
2020-08-22 22:10:00,938 DEBUG [scheduling-1] c.j.d.d.J.selectByExample [BaseJdbcLogger.java : 159] ==> Parameters: 0(Short), 2020-08-22 22:10:00.9322584(Timestamp), false(Boolean)
2020-08-22 22:10:00,940 DEBUG [scheduling-1] c.j.d.d.J.selectByExample [BaseJdbcLogger.java : 159] <==      Total: 0
2020-08-22 22:10:02,579 DEBUG [http-nio-8000-exec-1] c.j.d.d.J.selectByExample [BaseJdbcLogger.java : 159] ==>  Preparing: select id, role_id, username, `password`, gender, birthday, last_login_time, last_login_ip, nickname, mobile, avatar, weixin_openid, session_key, `status`, add_time, update_time, deleted from jindouyun_user WHERE ( username = ? and deleted = ? ) 
2020-08-22 22:10:02,581 DEBUG [http-nio-8000-exec-1] c.j.d.d.J.selectByExample [BaseJdbcLogger.java : 159] ==> Parameters: user123(String), false(Boolean)
2020-08-22 22:10:02,587 DEBUG [http-nio-8000-exec-1] c.j.d.d.J.selectByExample [BaseJdbcLogger.java : 159] <==      Total: 1
2020-08-22 22:10:02,762 DEBUG [http-nio-8000-exec-1] c.j.d.d.J.updateByPrimaryKeySelective [BaseJdbcLogger.java : 159] ==>  Preparing: update jindouyun_user SET role_id = ?, username = ?, `password` = ?, gender = ?, birthday = ?, last_login_time = ?, last_login_ip = ?, nickname = ?, mobile = ?, avatar = ?, weixin_openid = ?, session_key = ?, `status` = ?, add_time = ?, update_time = ?, deleted = ? where id = ? 
2020-08-22 22:10:02,765 DEBUG [http-nio-8000-exec-1] c.j.d.d.J.updateByPrimaryKeySelective [BaseJdbcLogger.java : 159] ==> Parameters: 1(Integer), user123(String), $2a$10$lTu9qi0hr19OC800Db.eludFr0AXuJUSrMHi/iPYhKRlPFeqJxlye(String), 2(Byte), 2020-08-18(Date), 2020-08-22 22:10:02.7244673(Timestamp), 169.254.18.154(String), user123(String), 10086(String), https://wx.qlogo.cn/mmopen/vi_32/xDReHukEe6LYUrEfL54FibRic2PrHJlc16kHXVQhicWrBLq750xcBFv4TZuRXDsww1giaBHsEMt7wwFspHxW1xS9zA/132(String), (String), (String), 0(Byte), 2020-08-18 14:50:31.0(Timestamp), 2020-08-22 22:10:02.7573792(Timestamp), false(Boolean), 1000010(Integer)
2020-08-22 22:10:02,771 DEBUG [http-nio-8000-exec-1] c.j.d.d.J.updateByPrimaryKeySelective [BaseJdbcLogger.java : 159] <==    Updates: 1
2020-08-22 22:10:02,822 DEBUG [http-nio-8000-exec-1] c.j.d.d.J.selectOneByExampleSelective [BaseJdbcLogger.java : 159] ==>  Preparing: select id, user_id, adderss_id, `name`, `desc`, notice, pic_url, start_time, end_time, delivery_price, total_turnover, total_order, floor_price, sort_order, `status`, add_time, update_time, deleted from jindouyun_brand WHERE ( user_id = ? and deleted = ? ) limit 1 
2020-08-22 22:10:02,824 DEBUG [http-nio-8000-exec-1] c.j.d.d.J.selectOneByExampleSelective [BaseJdbcLogger.java : 159] ==> Parameters: 1000010(Integer), false(Boolean)
2020-08-22 22:10:02,831 DEBUG [http-nio-8000-exec-1] c.j.d.d.J.selectOneByExampleSelective [BaseJdbcLogger.java : 159] <==      Total: 1
2020-08-22 22:10:02,836 DEBUG [http-nio-8000-exec-1] c.j.d.d.J.selectByPrimaryKey [BaseJdbcLogger.java : 159] ==>  Preparing: select id, `name`, user_id, province, city, county, building, address_detail, area_code, postal_code, tel, is_default, add_time, update_time, deleted from jindouyun_address where id = ? 
2020-08-22 22:10:02,838 DEBUG [http-nio-8000-exec-1] c.j.d.d.J.selectByPrimaryKey [BaseJdbcLogger.java : 159] ==> Parameters: 2(Integer)
2020-08-22 22:10:02,843 DEBUG [http-nio-8000-exec-1] c.j.d.d.J.selectByPrimaryKey [BaseJdbcLogger.java : 159] <==      Total: 1
2020-08-22 22:10:02,856 DEBUG [http-nio-8000-exec-1] c.j.d.d.J.selectOneByExample [BaseJdbcLogger.java : 159] ==>  Preparing: select id, brandid, adderss_id, `name`, `desc`, pic_url, add_time, update_time, deleted from jindouyun_registe_brand WHERE ( brandid = ? and deleted = ? ) limit 1 
2020-08-22 22:10:02,857 DEBUG [http-nio-8000-exec-1] c.j.d.d.J.selectOneByExample [BaseJdbcLogger.java : 159] ==> Parameters: 1000010(Integer), false(Boolean)
2020-08-22 22:10:02,863 DEBUG [http-nio-8000-exec-1] c.j.d.d.J.selectOneByExample [BaseJdbcLogger.java : 159] <==      Total: 0
2020-08-22 22:10:34,983 DEBUG [http-nio-8000-exec-3] c.j.d.d.J.selectByExample_COUNT [BaseJdbcLogger.java : 159] ==>  Preparing: SELECT count(0) FROM jindouyun_brand_order WHERE (`status` IN (?, ?) AND brand_id = ? AND deleted = ?) 
2020-08-22 22:10:34,984 DEBUG [http-nio-8000-exec-3] c.j.d.d.J.selectByExample_COUNT [BaseJdbcLogger.java : 159] ==> Parameters: 21(Short), 22(Short), 1(Integer), false(Boolean)
2020-08-22 22:10:34,986 DEBUG [http-nio-8000-exec-3] c.j.d.d.J.selectByExample_COUNT [BaseJdbcLogger.java : 159] <==      Total: 1
2020-08-22 22:10:34,988 DEBUG [http-nio-8000-exec-3] c.j.d.d.J.selectByExample [BaseJdbcLogger.java : 159] ==>  Preparing: select id, order_id, brand_id, user_id, delivery_id, `status`, add_time, update_time, deleted from jindouyun_brand_order WHERE ( `status` in ( ? , ? ) and brand_id = ? and deleted = ? ) order by add_time desc LIMIT ? 
2020-08-22 22:10:34,990 DEBUG [http-nio-8000-exec-3] c.j.d.d.J.selectByExample [BaseJdbcLogger.java : 159] ==> Parameters: 21(Short), 22(Short), 1(Integer), false(Boolean), 10(Integer)
2020-08-22 22:10:34,993 DEBUG [http-nio-8000-exec-3] c.j.d.d.J.selectByExample [BaseJdbcLogger.java : 159] <==      Total: 5
2020-08-22 22:10:34,996 DEBUG [http-nio-8000-exec-3] c.j.d.d.J.selectByPrimaryKey [BaseJdbcLogger.java : 159] ==>  Preparing: select id, admin_id, order_sn, message, num, all_price, `type`, `release`, `status`, release_time, receive_time, pickup_time, arrive_time, add_time, update_time, deleted from jindouyun_merge_order where id = ? 
2020-08-22 22:10:34,997 DEBUG [http-nio-8000-exec-3] c.j.d.d.J.selectByPrimaryKey [BaseJdbcLogger.java : 159] ==> Parameters: 12(Integer)
2020-08-22 22:10:35,000 DEBUG [http-nio-8000-exec-3] c.j.d.d.J.selectByPrimaryKey [BaseJdbcLogger.java : 159] <==      Total: 1
2020-08-22 22:10:35,012 DEBUG [http-nio-8000-exec-3] c.j.d.d.J.selectByExample [BaseJdbcLogger.java : 159] ==>  Preparing: select id, user_id, brand_id, order_id, merge_id, order_sn, order_status, consignee, mobile, building, address, message, goods_price, receive_time, pickup_time, arrive_time, add_time, update_time, deleted from jindouyun_order_split WHERE ( merge_id = ? and deleted = ? ) 
2020-08-22 22:10:35,013 DEBUG [http-nio-8000-exec-3] c.j.d.d.J.selectByExample [BaseJdbcLogger.java : 159] ==> Parameters: 12(Integer), false(Boolean)
2020-08-22 22:10:35,017 DEBUG [http-nio-8000-exec-3] c.j.d.d.J.selectByExample [BaseJdbcLogger.java : 159] <==      Total: 1
2020-08-22 22:10:35,018 DEBUG [http-nio-8000-exec-3] c.j.d.d.J.selectByPrimaryKey [BaseJdbcLogger.java : 159] ==>  Preparing: select id, user_id, adderss_id, `name`, `desc`, notice, pic_url, start_time, end_time, delivery_price, total_turnover, total_order, floor_price, sort_order, `status`, add_time, update_time, deleted from jindouyun_brand where id = ? 
2020-08-22 22:10:35,019 DEBUG [http-nio-8000-exec-3] c.j.d.d.J.selectByPrimaryKey [BaseJdbcLogger.java : 159] ==> Parameters: 1(Integer)
2020-08-22 22:10:35,021 DEBUG [http-nio-8000-exec-3] c.j.d.d.J.selectByPrimaryKey [BaseJdbcLogger.java : 159] <==      Total: 1
2020-08-22 22:10:35,023 DEBUG [http-nio-8000-exec-3] c.j.d.d.J.selectByPrimaryKey [BaseJdbcLogger.java : 159] ==>  Preparing: select id, `name`, user_id, province, city, county, building, address_detail, area_code, postal_code, tel, is_default, add_time, update_time, deleted from jindouyun_address where id = ? 
2020-08-22 22:10:35,024 DEBUG [http-nio-8000-exec-3] c.j.d.d.J.selectByPrimaryKey [BaseJdbcLogger.java : 159] ==> Parameters: 2(Integer)
2020-08-22 22:10:35,026 DEBUG [http-nio-8000-exec-3] c.j.d.d.J.selectByPrimaryKey [BaseJdbcLogger.java : 159] <==      Total: 1
2020-08-22 22:10:35,028 DEBUG [http-nio-8000-exec-3] c.j.d.d.J.selectByPrimaryKey [BaseJdbcLogger.java : 159] ==>  Preparing: select id, admin_id, order_sn, message, num, all_price, `type`, `release`, `status`, release_time, receive_time, pickup_time, arrive_time, add_time, update_time, deleted from jindouyun_merge_order where id = ? 
2020-08-22 22:10:35,029 DEBUG [http-nio-8000-exec-3] c.j.d.d.J.selectByPrimaryKey [BaseJdbcLogger.java : 159] ==> Parameters: 15(Integer)
2020-08-22 22:10:35,031 DEBUG [http-nio-8000-exec-3] c.j.d.d.J.selectByPrimaryKey [BaseJdbcLogger.java : 159] <==      Total: 1
2020-08-22 22:10:35,032 DEBUG [http-nio-8000-exec-3] c.j.d.d.J.selectByExample [BaseJdbcLogger.java : 159] ==>  Preparing: select id, user_id, brand_id, order_id, merge_id, order_sn, order_status, consignee, mobile, building, address, message, goods_price, receive_time, pickup_time, arrive_time, add_time, update_time, deleted from jindouyun_order_split WHERE ( merge_id = ? and deleted = ? ) 
2020-08-22 22:10:35,034 DEBUG [http-nio-8000-exec-3] c.j.d.d.J.selectByExample [BaseJdbcLogger.java : 159] ==> Parameters: 15(Integer), false(Boolean)
2020-08-22 22:10:35,035 DEBUG [http-nio-8000-exec-3] c.j.d.d.J.selectByExample [BaseJdbcLogger.java : 159] <==      Total: 1
2020-08-22 22:10:35,037 DEBUG [http-nio-8000-exec-3] c.j.d.d.J.selectByPrimaryKey [BaseJdbcLogger.java : 159] ==>  Preparing: select id, user_id, adderss_id, `name`, `desc`, notice, pic_url, start_time, end_time, delivery_price, total_turnover, total_order, floor_price, sort_order, `status`, add_time, update_time, deleted from jindouyun_brand where id = ? 
2020-08-22 22:10:35,037 DEBUG [http-nio-8000-exec-3] c.j.d.d.J.selectByPrimaryKey [BaseJdbcLogger.java : 159] ==> Parameters: 1(Integer)
2020-08-22 22:10:35,041 DEBUG [http-nio-8000-exec-3] c.j.d.d.J.selectByPrimaryKey [BaseJdbcLogger.java : 159] <==      Total: 1
2020-08-22 22:10:35,043 DEBUG [http-nio-8000-exec-3] c.j.d.d.J.selectByPrimaryKey [BaseJdbcLogger.java : 159] ==>  Preparing: select id, `name`, user_id, province, city, county, building, address_detail, area_code, postal_code, tel, is_default, add_time, update_time, deleted from jindouyun_address where id = ? 
2020-08-22 22:10:35,044 DEBUG [http-nio-8000-exec-3] c.j.d.d.J.selectByPrimaryKey [BaseJdbcLogger.java : 159] ==> Parameters: 2(Integer)
2020-08-22 22:10:35,047 DEBUG [http-nio-8000-exec-3] c.j.d.d.J.selectByPrimaryKey [BaseJdbcLogger.java : 159] <==      Total: 1
2020-08-22 22:10:35,049 DEBUG [http-nio-8000-exec-3] c.j.d.d.J.selectByPrimaryKey [BaseJdbcLogger.java : 159] ==>  Preparing: select id, admin_id, order_sn, message, num, all_price, `type`, `release`, `status`, release_time, receive_time, pickup_time, arrive_time, add_time, update_time, deleted from jindouyun_merge_order where id = ? 
2020-08-22 22:10:35,050 DEBUG [http-nio-8000-exec-3] c.j.d.d.J.selectByPrimaryKey [BaseJdbcLogger.java : 159] ==> Parameters: 18(Integer)
2020-08-22 22:10:35,051 DEBUG [http-nio-8000-exec-3] c.j.d.d.J.selectByPrimaryKey [BaseJdbcLogger.java : 159] <==      Total: 1
2020-08-22 22:10:35,053 DEBUG [http-nio-8000-exec-3] c.j.d.d.J.selectByExample [BaseJdbcLogger.java : 159] ==>  Preparing: select id, user_id, brand_id, order_id, merge_id, order_sn, order_status, consignee, mobile, building, address, message, goods_price, receive_time, pickup_time, arrive_time, add_time, update_time, deleted from jindouyun_order_split WHERE ( merge_id = ? and deleted = ? ) 
2020-08-22 22:10:35,054 DEBUG [http-nio-8000-exec-3] c.j.d.d.J.selectByExample [BaseJdbcLogger.java : 159] ==> Parameters: 18(Integer), false(Boolean)
2020-08-22 22:10:35,057 DEBUG [http-nio-8000-exec-3] c.j.d.d.J.selectByExample [BaseJdbcLogger.java : 159] <==      Total: 1
2020-08-22 22:10:35,058 DEBUG [http-nio-8000-exec-3] c.j.d.d.J.selectByPrimaryKey [BaseJdbcLogger.java : 159] ==>  Preparing: select id, user_id, adderss_id, `name`, `desc`, notice, pic_url, start_time, end_time, delivery_price, total_turnover, total_order, floor_price, sort_order, `status`, add_time, update_time, deleted from jindouyun_brand where id = ? 
2020-08-22 22:10:35,059 DEBUG [http-nio-8000-exec-3] c.j.d.d.J.selectByPrimaryKey [BaseJdbcLogger.java : 159] ==> Parameters: 1(Integer)
2020-08-22 22:10:35,061 DEBUG [http-nio-8000-exec-3] c.j.d.d.J.selectByPrimaryKey [BaseJdbcLogger.java : 159] <==      Total: 1
2020-08-22 22:10:35,064 DEBUG [http-nio-8000-exec-3] c.j.d.d.J.selectByPrimaryKey [BaseJdbcLogger.java : 159] ==>  Preparing: select id, `name`, user_id, province, city, county, building, address_detail, area_code, postal_code, tel, is_default, add_time, update_time, deleted from jindouyun_address where id = ? 
2020-08-22 22:10:35,065 DEBUG [http-nio-8000-exec-3] c.j.d.d.J.selectByPrimaryKey [BaseJdbcLogger.java : 159] ==> Parameters: 2(Integer)
2020-08-22 22:10:35,066 DEBUG [http-nio-8000-exec-3] c.j.d.d.J.selectByPrimaryKey [BaseJdbcLogger.java : 159] <==      Total: 1
2020-08-22 22:10:35,068 DEBUG [http-nio-8000-exec-3] c.j.d.d.J.selectByPrimaryKey [BaseJdbcLogger.java : 159] ==>  Preparing: select id, admin_id, order_sn, message, num, all_price, `type`, `release`, `status`, release_time, receive_time, pickup_time, arrive_time, add_time, update_time, deleted from jindouyun_merge_order where id = ? 
2020-08-22 22:10:35,069 DEBUG [http-nio-8000-exec-3] c.j.d.d.J.selectByPrimaryKey [BaseJdbcLogger.java : 159] ==> Parameters: 21(Integer)
2020-08-22 22:10:35,070 DEBUG [http-nio-8000-exec-3] c.j.d.d.J.selectByPrimaryKey [BaseJdbcLogger.java : 159] <==      Total: 1
2020-08-22 22:10:35,072 DEBUG [http-nio-8000-exec-3] c.j.d.d.J.selectByExample [BaseJdbcLogger.java : 159] ==>  Preparing: select id, user_id, brand_id, order_id, merge_id, order_sn, order_status, consignee, mobile, building, address, message, goods_price, receive_time, pickup_time, arrive_time, add_time, update_time, deleted from jindouyun_order_split WHERE ( merge_id = ? and deleted = ? ) 
2020-08-22 22:10:35,075 DEBUG [http-nio-8000-exec-3] c.j.d.d.J.selectByExample [BaseJdbcLogger.java : 159] ==> Parameters: 21(Integer), false(Boolean)
2020-08-22 22:10:35,077 DEBUG [http-nio-8000-exec-3] c.j.d.d.J.selectByExample [BaseJdbcLogger.java : 159] <==      Total: 1
2020-08-22 22:10:35,078 DEBUG [http-nio-8000-exec-3] c.j.d.d.J.selectByPrimaryKey [BaseJdbcLogger.java : 159] ==>  Preparing: select id, user_id, adderss_id, `name`, `desc`, notice, pic_url, start_time, end_time, delivery_price, total_turnover, total_order, floor_price, sort_order, `status`, add_time, update_time, deleted from jindouyun_brand where id = ? 
2020-08-22 22:10:35,079 DEBUG [http-nio-8000-exec-3] c.j.d.d.J.selectByPrimaryKey [BaseJdbcLogger.java : 159] ==> Parameters: 1(Integer)
2020-08-22 22:10:35,080 DEBUG [http-nio-8000-exec-3] c.j.d.d.J.selectByPrimaryKey [BaseJdbcLogger.java : 159] <==      Total: 1
2020-08-22 22:10:35,081 DEBUG [http-nio-8000-exec-3] c.j.d.d.J.selectByPrimaryKey [BaseJdbcLogger.java : 159] ==>  Preparing: select id, `name`, user_id, province, city, county, building, address_detail, area_code, postal_code, tel, is_default, add_time, update_time, deleted from jindouyun_address where id = ? 
2020-08-22 22:10:35,082 DEBUG [http-nio-8000-exec-3] c.j.d.d.J.selectByPrimaryKey [BaseJdbcLogger.java : 159] ==> Parameters: 2(Integer)
2020-08-22 22:10:35,083 DEBUG [http-nio-8000-exec-3] c.j.d.d.J.selectByPrimaryKey [BaseJdbcLogger.java : 159] <==      Total: 1
2020-08-22 22:10:35,085 DEBUG [http-nio-8000-exec-3] c.j.d.d.J.selectByPrimaryKey [BaseJdbcLogger.java : 159] ==>  Preparing: select id, admin_id, order_sn, message, num, all_price, `type`, `release`, `status`, release_time, receive_time, pickup_time, arrive_time, add_time, update_time, deleted from jindouyun_merge_order where id = ? 
2020-08-22 22:10:35,085 DEBUG [http-nio-8000-exec-3] c.j.d.d.J.selectByPrimaryKey [BaseJdbcLogger.java : 159] ==> Parameters: 24(Integer)
2020-08-22 22:10:35,087 DEBUG [http-nio-8000-exec-3] c.j.d.d.J.selectByPrimaryKey [BaseJdbcLogger.java : 159] <==      Total: 1
2020-08-22 22:10:35,089 DEBUG [http-nio-8000-exec-3] c.j.d.d.J.selectByExample [BaseJdbcLogger.java : 159] ==>  Preparing: select id, user_id, brand_id, order_id, merge_id, order_sn, order_status, consignee, mobile, building, address, message, goods_price, receive_time, pickup_time, arrive_time, add_time, update_time, deleted from jindouyun_order_split WHERE ( merge_id = ? and deleted = ? ) 
2020-08-22 22:10:35,090 DEBUG [http-nio-8000-exec-3] c.j.d.d.J.selectByExample [BaseJdbcLogger.java : 159] ==> Parameters: 24(Integer), false(Boolean)
2020-08-22 22:10:35,092 DEBUG [http-nio-8000-exec-3] c.j.d.d.J.selectByExample [BaseJdbcLogger.java : 159] <==      Total: 1
2020-08-22 22:10:35,094 DEBUG [http-nio-8000-exec-3] c.j.d.d.J.selectByPrimaryKey [BaseJdbcLogger.java : 159] ==>  Preparing: select id, user_id, adderss_id, `name`, `desc`, notice, pic_url, start_time, end_time, delivery_price, total_turnover, total_order, floor_price, sort_order, `status`, add_time, update_time, deleted from jindouyun_brand where id = ? 
2020-08-22 22:10:35,094 DEBUG [http-nio-8000-exec-3] c.j.d.d.J.selectByPrimaryKey [BaseJdbcLogger.java : 159] ==> Parameters: 1(Integer)
2020-08-22 22:10:35,096 DEBUG [http-nio-8000-exec-3] c.j.d.d.J.selectByPrimaryKey [BaseJdbcLogger.java : 159] <==      Total: 1
2020-08-22 22:10:35,098 DEBUG [http-nio-8000-exec-3] c.j.d.d.J.selectByPrimaryKey [BaseJdbcLogger.java : 159] ==>  Preparing: select id, `name`, user_id, province, city, county, building, address_detail, area_code, postal_code, tel, is_default, add_time, update_time, deleted from jindouyun_address where id = ? 
2020-08-22 22:10:35,098 DEBUG [http-nio-8000-exec-3] c.j.d.d.J.selectByPrimaryKey [BaseJdbcLogger.java : 159] ==> Parameters: 2(Integer)
2020-08-22 22:10:35,100 DEBUG [http-nio-8000-exec-3] c.j.d.d.J.selectByPrimaryKey [BaseJdbcLogger.java : 159] <==      Total: 1
2020-08-22 22:10:35,111 DEBUG [http-nio-8000-exec-3] c.j.d.d.J.selectByExampleSelective [BaseJdbcLogger.java : 159] ==>  Preparing: select id , goods_name , goods_sn , price , pic_url , `number` , specifications , is_arrive from jindouyun_order_goods WHERE ( order_id = ? and deleted = ? ) 
2020-08-22 22:10:35,112 DEBUG [http-nio-8000-exec-3] c.j.d.d.J.selectByExampleSelective [BaseJdbcLogger.java : 159] ==> Parameters: 14(Integer), false(Boolean)
2020-08-22 22:10:35,120 DEBUG [http-nio-8000-exec-3] c.j.d.d.J.selectByExampleSelective [BaseJdbcLogger.java : 159] <==      Total: 3
2020-08-22 22:10:35,121 DEBUG [http-nio-8000-exec-3] c.j.d.d.J.selectByExampleSelective [BaseJdbcLogger.java : 159] ==>  Preparing: select id , goods_name , goods_sn , price , pic_url , `number` , specifications , is_arrive from jindouyun_order_goods WHERE ( order_id = ? and deleted = ? ) 
2020-08-22 22:10:35,123 DEBUG [http-nio-8000-exec-3] c.j.d.d.J.selectByExampleSelective [BaseJdbcLogger.java : 159] ==> Parameters: 17(Integer), false(Boolean)
2020-08-22 22:10:35,125 DEBUG [http-nio-8000-exec-3] c.j.d.d.J.selectByExampleSelective [BaseJdbcLogger.java : 159] <==      Total: 3
2020-08-22 22:10:35,128 DEBUG [http-nio-8000-exec-3] c.j.d.d.J.selectByExampleSelective [BaseJdbcLogger.java : 159] ==>  Preparing: select id , goods_name , goods_sn , price , pic_url , `number` , specifications , is_arrive from jindouyun_order_goods WHERE ( order_id = ? and deleted = ? ) 
2020-08-22 22:10:35,129 DEBUG [http-nio-8000-exec-3] c.j.d.d.J.selectByExampleSelective [BaseJdbcLogger.java : 159] ==> Parameters: 20(Integer), false(Boolean)
2020-08-22 22:10:35,131 DEBUG [http-nio-8000-exec-3] c.j.d.d.J.selectByExampleSelective [BaseJdbcLogger.java : 159] <==      Total: 3
2020-08-22 22:10:35,133 DEBUG [http-nio-8000-exec-3] c.j.d.d.J.selectByExampleSelective [BaseJdbcLogger.java : 159] ==>  Preparing: select id , goods_name , goods_sn , price , pic_url , `number` , specifications , is_arrive from jindouyun_order_goods WHERE ( order_id = ? and deleted = ? ) 
2020-08-22 22:10:35,133 DEBUG [http-nio-8000-exec-3] c.j.d.d.J.selectByExampleSelective [BaseJdbcLogger.java : 159] ==> Parameters: 23(Integer), false(Boolean)
2020-08-22 22:10:35,135 DEBUG [http-nio-8000-exec-3] c.j.d.d.J.selectByExampleSelective [BaseJdbcLogger.java : 159] <==      Total: 3
2020-08-22 22:10:35,137 DEBUG [http-nio-8000-exec-3] c.j.d.d.J.selectByExampleSelective [BaseJdbcLogger.java : 159] ==>  Preparing: select id , goods_name , goods_sn , price , pic_url , `number` , specifications , is_arrive from jindouyun_order_goods WHERE ( order_id = ? and deleted = ? ) 
2020-08-22 22:10:35,137 DEBUG [http-nio-8000-exec-3] c.j.d.d.J.selectByExampleSelective [BaseJdbcLogger.java : 159] ==> Parameters: 26(Integer), false(Boolean)
2020-08-22 22:10:35,139 DEBUG [http-nio-8000-exec-3] c.j.d.d.J.selectByExampleSelective [BaseJdbcLogger.java : 159] <==      Total: 3
2020-08-22 22:11:00,942 INFO [scheduling-1] com.jindouyun.admin.job.CouponJob [CouponJob.java : 36] 系统开启任务检查优惠券是否已经过期
2020-08-22 22:11:00,943 DEBUG [scheduling-1] c.j.d.d.J.selectByExample [BaseJdbcLogger.java : 159] ==>  Preparing: select id, `name`, `desc`, total, discount, `min`, `limit`, `type`, `status`, goods_type, goods_value, time_type, `days`, start_time, end_time, add_time, update_time, deleted from jindouyun_coupon WHERE ( `status` = ? and time_type = ? and end_time < ? and deleted = ? ) 
2020-08-22 22:11:00,944 DEBUG [scheduling-1] c.j.d.d.J.selectByExample [BaseJdbcLogger.java : 159] ==> Parameters: 0(Short), 1(Short), 2020-08-22 22:11:00.9421744(Timestamp), false(Boolean)
2020-08-22 22:11:00,945 DEBUG [scheduling-1] c.j.d.d.J.selectByExample [BaseJdbcLogger.java : 159] <==      Total: 0
2020-08-22 22:11:00,947 DEBUG [scheduling-1] c.j.d.d.J.selectByExample [BaseJdbcLogger.java : 159] ==>  Preparing: select id, user_id, coupon_id, `status`, used_time, start_time, end_time, order_id, add_time, update_time, deleted from jindouyun_coupon_user WHERE ( `status` = ? and end_time < ? and deleted = ? ) 
2020-08-22 22:11:00,947 DEBUG [scheduling-1] c.j.d.d.J.selectByExample [BaseJdbcLogger.java : 159] ==> Parameters: 0(Short), 2020-08-22 22:11:00.9461995(Timestamp), false(Boolean)
2020-08-22 22:11:00,948 DEBUG [scheduling-1] c.j.d.d.J.selectByExample [BaseJdbcLogger.java : 159] <==      Total: 0
2020-08-22 22:12:00,950 INFO [scheduling-1] com.jindouyun.admin.job.CouponJob [CouponJob.java : 36] 系统开启任务检查优惠券是否已经过期
2020-08-22 22:12:00,954 DEBUG [scheduling-1] c.j.d.d.J.selectByExample [BaseJdbcLogger.java : 159] ==>  Preparing: select id, `name`, `desc`, total, discount, `min`, `limit`, `type`, `status`, goods_type, goods_value, time_type, `days`, start_time, end_time, add_time, update_time, deleted from jindouyun_coupon WHERE ( `status` = ? and time_type = ? and end_time < ? and deleted = ? ) 
2020-08-22 22:12:00,954 DEBUG [scheduling-1] c.j.d.d.J.selectByExample [BaseJdbcLogger.java : 159] ==> Parameters: 0(Short), 1(Short), 2020-08-22 22:12:00.9505813(Timestamp), false(Boolean)
2020-08-22 22:12:00,955 DEBUG [scheduling-1] c.j.d.d.J.selectByExample [BaseJdbcLogger.java : 159] <==      Total: 0
2020-08-22 22:12:00,957 DEBUG [scheduling-1] c.j.d.d.J.selectByExample [BaseJdbcLogger.java : 159] ==>  Preparing: select id, user_id, coupon_id, `status`, used_time, start_time, end_time, order_id, add_time, update_time, deleted from jindouyun_coupon_user WHERE ( `status` = ? and end_time < ? and deleted = ? ) 
2020-08-22 22:12:00,958 DEBUG [scheduling-1] c.j.d.d.J.selectByExample [BaseJdbcLogger.java : 159] ==> Parameters: 0(Short), 2020-08-22 22:12:00.9565669(Timestamp), false(Boolean)
2020-08-22 22:12:00,959 DEBUG [scheduling-1] c.j.d.d.J.selectByExample [BaseJdbcLogger.java : 159] <==      Total: 0
2020-08-22 22:13:00,961 INFO [scheduling-1] com.jindouyun.admin.job.CouponJob [CouponJob.java : 36] 系统开启任务检查优惠券是否已经过期
2020-08-22 22:13:00,965 DEBUG [scheduling-1] c.j.d.d.J.selectByExample [BaseJdbcLogger.java : 159] ==>  Preparing: select id, `name`, `desc`, total, discount, `min`, `limit`, `type`, `status`, goods_type, goods_value, time_type, `days`, start_time, end_time, add_time, update_time, deleted from jindouyun_coupon WHERE ( `status` = ? and time_type = ? and end_time < ? and deleted = ? ) 
2020-08-22 22:13:00,966 DEBUG [scheduling-1] c.j.d.d.J.selectByExample [BaseJdbcLogger.java : 159] ==> Parameters: 0(Short), 1(Short), 2020-08-22 22:13:00.9612086(Timestamp), false(Boolean)
2020-08-22 22:13:00,966 DEBUG [scheduling-1] c.j.d.d.J.selectByExample [BaseJdbcLogger.java : 159] <==      Total: 0
2020-08-22 22:13:00,968 DEBUG [scheduling-1] c.j.d.d.J.selectByExample [BaseJdbcLogger.java : 159] ==>  Preparing: select id, user_id, coupon_id, `status`, used_time, start_time, end_time, order_id, add_time, update_time, deleted from jindouyun_coupon_user WHERE ( `status` = ? and end_time < ? and deleted = ? ) 
2020-08-22 22:13:00,969 DEBUG [scheduling-1] c.j.d.d.J.selectByExample [BaseJdbcLogger.java : 159] ==> Parameters: 0(Short), 2020-08-22 22:13:00.9672026(Timestamp), false(Boolean)
2020-08-22 22:13:00,970 DEBUG [scheduling-1] c.j.d.d.J.selectByExample [BaseJdbcLogger.java : 159] <==      Total: 0
2020-08-22 22:14:00,972 INFO [scheduling-1] com.jindouyun.admin.job.CouponJob [CouponJob.java : 36] 系统开启任务检查优惠券是否已经过期
2020-08-22 22:14:00,975 DEBUG [scheduling-1] c.j.d.d.J.selectByExample [BaseJdbcLogger.java : 159] ==>  Preparing: select id, `name`, `desc`, total, discount, `min`, `limit`, `type`, `status`, goods_type, goods_value, time_type, `days`, start_time, end_time, add_time, update_time, deleted from jindouyun_coupon WHERE ( `status` = ? and time_type = ? and end_time < ? and deleted = ? ) 
2020-08-22 22:14:00,976 DEBUG [scheduling-1] c.j.d.d.J.selectByExample [BaseJdbcLogger.java : 159] ==> Parameters: 0(Short), 1(Short), 2020-08-22 22:14:00.9727515(Timestamp), false(Boolean)
2020-08-22 22:14:00,977 DEBUG [scheduling-1] c.j.d.d.J.selectByExample [BaseJdbcLogger.java : 159] <==      Total: 0
2020-08-22 22:14:00,978 DEBUG [scheduling-1] c.j.d.d.J.selectByExample [BaseJdbcLogger.java : 159] ==>  Preparing: select id, user_id, coupon_id, `status`, used_time, start_time, end_time, order_id, add_time, update_time, deleted from jindouyun_coupon_user WHERE ( `status` = ? and end_time < ? and deleted = ? ) 
2020-08-22 22:14:00,978 DEBUG [scheduling-1] c.j.d.d.J.selectByExample [BaseJdbcLogger.java : 159] ==> Parameters: 0(Short), 2020-08-22 22:14:00.9777721(Timestamp), false(Boolean)
2020-08-22 22:14:00,979 DEBUG [scheduling-1] c.j.d.d.J.selectByExample [BaseJdbcLogger.java : 159] <==      Total: 0
2020-08-22 22:15:00,981 INFO [scheduling-1] com.jindouyun.admin.job.CouponJob [CouponJob.java : 36] 系统开启任务检查优惠券是否已经过期
2020-08-22 22:15:00,984 DEBUG [scheduling-1] c.j.d.d.J.selectByExample [BaseJdbcLogger.java : 159] ==>  Preparing: select id, `name`, `desc`, total, discount, `min`, `limit`, `type`, `status`, goods_type, goods_value, time_type, `days`, start_time, end_time, add_time, update_time, deleted from jindouyun_coupon WHERE ( `status` = ? and time_type = ? and end_time < ? and deleted = ? ) 
2020-08-22 22:15:00,984 DEBUG [scheduling-1] c.j.d.d.J.selectByExample [BaseJdbcLogger.java : 159] ==> Parameters: 0(Short), 1(Short), 2020-08-22 22:15:00.981943(Timestamp), false(Boolean)
2020-08-22 22:15:00,985 DEBUG [scheduling-1] c.j.d.d.J.selectByExample [BaseJdbcLogger.java : 159] <==      Total: 0
2020-08-22 22:15:00,987 DEBUG [scheduling-1] c.j.d.d.J.selectByExample [BaseJdbcLogger.java : 159] ==>  Preparing: select id, user_id, coupon_id, `status`, used_time, start_time, end_time, order_id, add_time, update_time, deleted from jindouyun_coupon_user WHERE ( `status` = ? and end_time < ? and deleted = ? ) 
2020-08-22 22:15:00,987 DEBUG [scheduling-1] c.j.d.d.J.selectByExample [BaseJdbcLogger.java : 159] ==> Parameters: 0(Short), 2020-08-22 22:15:00.9869205(Timestamp), false(Boolean)
2020-08-22 22:15:00,988 DEBUG [scheduling-1] c.j.d.d.J.selectByExample [BaseJdbcLogger.java : 159] <==      Total: 0
2020-08-22 22:16:00,990 INFO [scheduling-1] com.jindouyun.admin.job.CouponJob [CouponJob.java : 36] 系统开启任务检查优惠券是否已经过期
2020-08-22 22:16:00,992 DEBUG [scheduling-1] c.j.d.d.J.selectByExample [BaseJdbcLogger.java : 159] ==>  Preparing: select id, `name`, `desc`, total, discount, `min`, `limit`, `type`, `status`, goods_type, goods_value, time_type, `days`, start_time, end_time, add_time, update_time, deleted from jindouyun_coupon WHERE ( `status` = ? and time_type = ? and end_time < ? and deleted = ? ) 
2020-08-22 22:16:00,993 DEBUG [scheduling-1] c.j.d.d.J.selectByExample [BaseJdbcLogger.java : 159] ==> Parameters: 0(Short), 1(Short), 2020-08-22 22:16:00.9906871(Timestamp), false(Boolean)
2020-08-22 22:16:00,994 DEBUG [scheduling-1] c.j.d.d.J.selectByExample [BaseJdbcLogger.java : 159] <==      Total: 0
2020-08-22 22:16:00,995 DEBUG [scheduling-1] c.j.d.d.J.selectByExample [BaseJdbcLogger.java : 159] ==>  Preparing: select id, user_id, coupon_id, `status`, used_time, start_time, end_time, order_id, add_time, update_time, deleted from jindouyun_coupon_user WHERE ( `status` = ? and end_time < ? and deleted = ? ) 
2020-08-22 22:16:00,996 DEBUG [scheduling-1] c.j.d.d.J.selectByExample [BaseJdbcLogger.java : 159] ==> Parameters: 0(Short), 2020-08-22 22:16:00.9956994(Timestamp), false(Boolean)
2020-08-22 22:16:00,997 DEBUG [scheduling-1] c.j.d.d.J.selectByExample [BaseJdbcLogger.java : 159] <==      Total: 0
